#
# A fatal error has been detected by the Java Runtime Environment:
#
#  Internal Error (javaCalls.cpp:51), pid=8880, tid=0x0000000000002fa8
#  guarantee(thread->is_Java_thread()) failed: crucial check - the VM thread cannot and must not escape to Java code
#
# JRE version: Java(TM) SE Runtime Environment (8.0_191-b12) (build 1.8.0_191-b12)
# Java VM: Java HotSpot(TM) 64-Bit Server VM (25.191-b12 mixed mode windows-amd64 compressed oops)
# Failed to write core dump. Minidumps are not enabled by default on client versions of Windows
#
# If you would like to submit a bug report, please visit:
#   http://bugreport.java.com/bugreport/crash.jsp
#

---------------  T H R E A D  ---------------

Current thread (0x000000001bde7800):  VMThread [stack: 0x000000001ce70000,0x000000001cf70000] [id=12200]

Stack: [0x000000001ce70000,0x000000001cf70000]
[error occurred during error reporting (printing stack bounds), id 0xc0000005]

Native frames: (J=compiled Java code, j=interpreted, Vv=VM code, C=native code)

VM_Operation (0x000000001d89f700): GetOrSetLocal, mode: safepoint, requested by thread 0x000000001be23800


---------------  P R O C E S S  ---------------

Java Threads: ( => current thread )
  0x000000001dc49800 JavaThread "Service Thread" daemon [_thread_blocked, id=19196, stack(0x000000001e1a0000,0x000000001e2a0000)]
  0x000000001dcb9000 JavaThread "C1 CompilerThread2" daemon [_thread_blocked, id=15920, stack(0x000000001e0a0000,0x000000001e1a0000)]
  0x000000001dcb6800 JavaThread "C2 CompilerThread1" daemon [_thread_blocked, id=18800, stack(0x000000001dfa0000,0x000000001e0a0000)]
  0x000000001dc60000 JavaThread "C2 CompilerThread0" daemon [_thread_blocked, id=6984, stack(0x000000001dea0000,0x000000001dfa0000)]
  0x000000001be3a800 JavaThread "JDWP Command Reader" daemon [_thread_in_native, id=18816, stack(0x000000001d9a0000,0x000000001daa0000)]
  0x000000001be37000 JavaThread "JDWP Event Helper Thread" daemon [_thread_blocked, id=16940, stack(0x000000001d8a0000,0x000000001d9a0000)]
  0x000000001be23800 JavaThread "JDWP Transport Listener: dt_socket" daemon [_thread_blocked, id=17044, stack(0x000000001d7a0000,0x000000001d8a0000)]
  0x000000001be1d000 JavaThread "Attach Listener" daemon [_thread_blocked, id=10236, stack(0x000000001d360000,0x000000001d460000)]
  0x000000001be1c000 JavaThread "Signal Dispatcher" daemon [_thread_blocked, id=18480, stack(0x000000001d260000,0x000000001d360000)]
  0x000000000282b800 JavaThread "Finalizer" daemon [_thread_blocked, id=19256, stack(0x000000001d070000,0x000000001d170000)]
  0x0000000002823000 JavaThread "Reference Handler" daemon [_thread_blocked, id=10428, stack(0x000000001cf70000,0x000000001d070000)]
  0x0000000002733800 JavaThread "main" [_thread_blocked, id=19208, stack(0x0000000002590000,0x0000000002690000)]

Other Threads:
=>0x000000001bde7800 VMThread [stack: 0x000000001ce70000,0x000000001cf70000] [id=12200]
  0x000000001dd60000 WatcherThread [stack: 0x000000001e2a0000,0x000000001e3a0000] [id=11344]

VM state:at safepoint (normal execution)

VM Mutex/Monitor currently owned by a thread:  ([mutex/lock_event])
[0x0000000002730850] Threads_lock - owner thread: 0x000000001bde7800

Heap:
 PSYoungGen      total 76288K, used 18439K [0x000000076b400000, 0x0000000770900000, 0x00000007c0000000)
  eden space 65536K, 17% used [0x000000076b400000,0x000000076bf67748,0x000000076f400000)
  from space 10752K, 62% used [0x000000076f400000,0x000000076fa9a6d8,0x000000076fe80000)
  to   space 10752K, 0% used [0x000000076fe80000,0x000000076fe80000,0x0000000770900000)
 ParOldGen       total 175104K, used 8K [0x00000006c1c00000, 0x00000006cc700000, 0x000000076b400000)
  object space 175104K, 0% used [0x00000006c1c00000,0x00000006c1c02000,0x00000006cc700000)
 Metaspace       used 15764K, capacity 15984K, committed 16256K, reserved 1062912K
  class space    used 1791K, capacity 1876K, committed 1920K, reserved 1048576K

Card table byte_map: [0x0000000011c10000,0x0000000012410000] byte_map_base: 0x000000000e602000

Marking Bits: (ParMarkBitMap*) 0x0000000056073e30
 Begin Bits: [0x0000000012d60000, 0x0000000016cf0000)
 End Bits:   [0x0000000016cf0000, 0x000000001ac80000)

Polling page: 0x0000000000c40000

CodeCache: size=245760Kb used=5583Kb max_used=5661Kb free=240176Kb
 bounds [0x0000000002850000, 0x0000000002df0000, 0x0000000011850000]
 total_blobs=1577 nmethods=1184 adapters=314
 compilation: enabled

Compilation events (10 events):
Event: 5.387 Thread 0x000000001dcb6800 nmethod 1178 0x0000000002d5ced0 code [0x0000000002d5d000, 0x0000000002d5d0b8]
Event: 6.220 Thread 0x000000001dc60000 nmethod 1163 0x0000000002dba310 code [0x0000000002dbb160, 0x0000000002dd0028]
Event: 13.664 Thread 0x000000001dcb9000 1182       3       java.lang.Class::reflectionData (49 bytes)
Event: 13.664 Thread 0x000000001dcb9000 nmethod 1182 0x0000000002d5c690 code [0x0000000002d5c820, 0x0000000002d5cd68]
Event: 13.664 Thread 0x000000001dcb9000 1183       1       org.apache.xmlbeans.impl.store.Xobj::get_locale (5 bytes)
Event: 13.664 Thread 0x000000001dcb9000 nmethod 1183 0x0000000002d5c3d0 code [0x0000000002d5c520, 0x0000000002d5c630]
Event: 17.208 Thread 0x000000001dcb9000 1184       3       org.apache.xmlbeans.impl.store.Xobj::posAfter (7 bytes)
Event: 17.208 Thread 0x000000001dcb9000 nmethod 1184 0x0000000002d5c090 code [0x0000000002d5c1e0, 0x0000000002d5c330]
Event: 25.002 Thread 0x000000001dcb9000 1185       3       java.lang.AbstractStringBuilder::append (62 bytes)
Event: 25.003 Thread 0x000000001dcb9000 nmethod 1185 0x0000000002d5edd0 code [0x0000000002d5efc0, 0x0000000002d5f918]

GC Heap History (2 events):
Event: 4.059 GC heap before
{Heap before GC invocations=1 (full 0):
 PSYoungGen      total 76288K, used 65536K [0x000000076b400000, 0x0000000770900000, 0x00000007c0000000)
  eden space 65536K, 100% used [0x000000076b400000,0x000000076f400000,0x000000076f400000)
  from space 10752K, 0% used [0x000000076fe80000,0x000000076fe80000,0x0000000770900000)
  to   space 10752K, 0% used [0x000000076f400000,0x000000076f400000,0x000000076fe80000)
 ParOldGen       total 175104K, used 0K [0x00000006c1c00000, 0x00000006cc700000, 0x000000076b400000)
  object space 175104K, 0% used [0x00000006c1c00000,0x00000006c1c00000,0x00000006cc700000)
 Metaspace       used 13529K, capacity 13710K, committed 13952K, reserved 1060864K
  class space    used 1496K, capacity 1545K, committed 1664K, reserved 1048576K
Event: 4.088 GC heap after
Heap after GC invocations=1 (full 0):
 PSYoungGen      total 76288K, used 6761K [0x000000076b400000, 0x0000000770900000, 0x00000007c0000000)
  eden space 65536K, 0% used [0x000000076b400000,0x000000076b400000,0x000000076f400000)
  from space 10752K, 62% used [0x000000076f400000,0x000000076fa9a6d8,0x000000076fe80000)
  to   space 10752K, 0% used [0x000000076fe80000,0x000000076fe80000,0x0000000770900000)
 ParOldGen       total 175104K, used 8K [0x00000006c1c00000, 0x00000006cc700000, 0x000000076b400000)
  object space 175104K, 0% used [0x00000006c1c00000,0x00000006c1c02000,0x00000006cc700000)
 Metaspace       used 13529K, capacity 13710K, committed 13952K, reserved 1060864K
  class space    used 1496K, capacity 1545K, committed 1664K, reserved 1048576K
}

Deoptimization events (10 events):
Event: 3.463 Thread 0x0000000002733800 Uncommon trap: reason=unstable_if action=reinterpret pc=0x0000000002b075c4 method=org.eclipse.jdt.launching.internal.org.objectweb.asm.SymbolTable.addConstantUtf8Reference(ILjava/lang/String;)Lorg/eclipse/jdt/launching/internal/org/objectweb/asm/Symbol; @
Event: 3.666 Thread 0x0000000002733800 Uncommon trap: reason=unstable_if action=reinterpret pc=0x0000000002cae2fc method=org.apache.xmlbeans.impl.schema.SchemaTypeSystemImpl$StringPool.stringForCode(I)Ljava/lang/String; @ 1
Event: 3.787 Thread 0x0000000002733800 Uncommon trap: reason=class_check action=maybe_recompile pc=0x0000000002c9c7a0 method=java.io.FilterInputStream.read()I @ 4
Event: 3.787 Thread 0x0000000002733800 Uncommon trap: reason=class_check action=maybe_recompile pc=0x0000000002ca3c5c method=java.util.zip.InflaterInputStream.read()I @ 11
Event: 3.787 Thread 0x0000000002733800 Uncommon trap: reason=class_check action=maybe_recompile pc=0x0000000002c9c7a0 method=java.io.FilterInputStream.read()I @ 4
Event: 3.787 Thread 0x0000000002733800 Uncommon trap: reason=class_check action=maybe_recompile pc=0x0000000002ca3c5c method=java.util.zip.InflaterInputStream.read()I @ 11
Event: 3.787 Thread 0x0000000002733800 Uncommon trap: reason=class_check action=maybe_recompile pc=0x0000000002c9c7a0 method=java.io.FilterInputStream.read()I @ 4
Event: 3.787 Thread 0x0000000002733800 Uncommon trap: reason=class_check action=maybe_recompile pc=0x0000000002ca3c5c method=java.util.zip.InflaterInputStream.read()I @ 11
Event: 3.787 Thread 0x0000000002733800 Uncommon trap: reason=class_check action=maybe_recompile pc=0x0000000002c9c7a0 method=java.io.FilterInputStream.read()I @ 4
Event: 3.787 Thread 0x0000000002733800 Uncommon trap: reason=class_check action=maybe_recompile pc=0x0000000002ca3c5c method=java.util.zip.InflaterInputStream.read()I @ 11

Classes redefined (4 events):
Event: 102.221 Thread 0x000000001bde7800 redefined class name=com.java.file.excel.ReadExcelFile, count=1
Event: 207.843 Thread 0x000000001bde7800 redefined class name=com.java.file.excel.ReadExcelFile, count=2
Event: 244.523 Thread 0x000000001bde7800 redefined class name=com.java.file.excel.ReadExcelFile, count=3
Event: 288.917 Thread 0x000000001bde7800 redefined class name=com.java.file.excel.ReadExcelFile, count=4

Internal exceptions (10 events):
Event: 1.346 Thread 0x0000000002733800 Exception <a 'java/lang/ClassNotFoundException': org/apache/log4j/LayoutBeanInfo> (0x000000076bf62b90) thrown at [C:\re\workspace\8-2-build-windows-amd64-cygwin\jdk8u191\11896\hotspot\src\share\vm\classfile\systemDictionary.cpp, line 210]
Event: 1.347 Thread 0x0000000002733800 Exception <a 'java/lang/ClassNotFoundException': java/lang/ObjectBeanInfo> (0x000000076bf65518) thrown at [C:\re\workspace\8-2-build-windows-amd64-cygwin\jdk8u191\11896\hotspot\src\share\vm\classfile\systemDictionary.cpp, line 210]
Event: 1.347 Thread 0x0000000002733800 Exception <a 'java/lang/ClassNotFoundException': java/lang/ObjectCustomizer> (0x000000076bf68738) thrown at [C:\re\workspace\8-2-build-windows-amd64-cygwin\jdk8u191\11896\hotspot\src\share\vm\classfile\systemDictionary.cpp, line 210]
Event: 1.350 Thread 0x0000000002733800 Exception <a 'java/lang/ArrayIndexOutOfBoundsException': 18> (0x000000076bf78950) thrown at [C:\re\workspace\8-2-build-windows-amd64-cygwin\jdk8u191\11896\hotspot\src\share\vm\interpreter\interpreterRuntime.cpp, line 366]
Event: 1.352 Thread 0x0000000002733800 Exception <a 'java/lang/ArrayIndexOutOfBoundsException': 22> (0x000000076bf80608) thrown at [C:\re\workspace\8-2-build-windows-amd64-cygwin\jdk8u191\11896\hotspot\src\share\vm\interpreter\interpreterRuntime.cpp, line 366]
Event: 1.353 Thread 0x0000000002733800 Exception <a 'java/lang/ArrayIndexOutOfBoundsException': 160> (0x000000076bf87b10) thrown at [C:\re\workspace\8-2-build-windows-amd64-cygwin\jdk8u191\11896\hotspot\src\share\vm\interpreter\interpreterRuntime.cpp, line 366]
Event: 1.356 Thread 0x0000000002733800 Exception <a 'java/lang/ClassNotFoundException': org/apache/log4j/LayoutCustomizer> (0x000000076bf9e1a0) thrown at [C:\re\workspace\8-2-build-windows-amd64-cygwin\jdk8u191\11896\hotspot\src\share\vm\classfile\systemDictionary.cpp, line 210]
Event: 1.359 Thread 0x0000000002733800 Exception <a 'java/lang/ClassNotFoundException': org/apache/log4j/PatternLayoutCustomizer> (0x000000076bfd1a10) thrown at [C:\re\workspace\8-2-build-windows-amd64-cygwin\jdk8u191\11896\hotspot\src\share\vm\classfile\systemDictionary.cpp, line 210]
Event: 2.620 Thread 0x0000000002733800 Exception <a 'java/lang/NoSuchFieldError': method resolution failed> (0x000000076ccf7030) thrown at [C:\re\workspace\8-2-build-windows-amd64-cygwin\jdk8u191\11896\hotspot\src\share\vm\prims\methodHandles.cpp, line 1167]
Event: 2.631 Thread 0x0000000002733800 Exception <a 'java/lang/NoSuchFieldError': method resolution failed> (0x000000076cd04bf0) thrown at [C:\re\workspace\8-2-build-windows-amd64-cygwin\jdk8u191\11896\hotspot\src\share\vm\prims\methodHandles.cpp, line 1167]

Events (10 events):
Event: 300.955 Executing VM operation: GetOwnedMonitorInfo done
Event: 301.100 Executing VM operation: GetOwnedMonitorInfo
Event: 301.100 Executing VM operation: GetOwnedMonitorInfo done
Event: 301.100 Executing VM operation: GetCurrentContendedMonitor
Event: 301.101 Executing VM operation: GetCurrentContendedMonitor done
Event: 301.102 Executing VM operation: GetOwnedMonitorInfo
Event: 301.102 Executing VM operation: GetOwnedMonitorInfo done
Event: 301.102 Executing VM operation: GetCurrentContendedMonitor
Event: 301.102 Executing VM operation: GetCurrentContendedMonitor done
Event: 302.071 Executing VM operation: GetOrSetLocal


Dynamic libraries:
0x00007ff6cdfb0000 - 0x00007ff6cdfe7000 	C:\Program Files\Java\jdk1.8.0_191\bin\javaw.exe
0x00007ffafab80000 - 0x00007ffafad50000 	C:\WINDOWS\SYSTEM32\ntdll.dll
0x00007ffaf9b00000 - 0x00007ffaf9bac000 	C:\WINDOWS\System32\KERNEL32.DLL
0x00007ffaf7560000 - 0x00007ffaf777d000 	C:\WINDOWS\System32\KERNELBASE.dll
0x00007ffaf98c0000 - 0x00007ffaf9962000 	C:\WINDOWS\System32\ADVAPI32.dll
0x00007ffafa5a0000 - 0x00007ffafa63e000 	C:\WINDOWS\System32\msvcrt.dll
0x00007ffaf9970000 - 0x00007ffaf99c9000 	C:\WINDOWS\System32\sechost.dll
0x00007ffaf80f0000 - 0x00007ffaf8211000 	C:\WINDOWS\System32\RPCRT4.dll
0x00007ffaf9750000 - 0x00007ffaf98b5000 	C:\WINDOWS\System32\USER32.dll
0x00007ffaf7880000 - 0x00007ffaf789e000 	C:\WINDOWS\System32\win32u.dll
0x00007ffafa1c0000 - 0x00007ffafa1f4000 	C:\WINDOWS\System32\GDI32.dll
0x00007ffaf7160000 - 0x00007ffaf72e1000 	C:\WINDOWS\System32\gdi32full.dll
0x00007ffaec230000 - 0x00007ffaec4aa000 	C:\WINDOWS\WinSxS\amd64_microsoft.windows.common-controls_6595b64144ccf1df_6.0.14393.2848_none_7ddecd5e83436d8c\COMCTL32.dll
0x00007ffafa880000 - 0x00007ffafab45000 	C:\WINDOWS\System32\combase.dll
0x00007ffaf7780000 - 0x00007ffaf7874000 	C:\WINDOWS\System32\ucrtbase.dll
0x00007ffaf8030000 - 0x00007ffaf809a000 	C:\WINDOWS\System32\bcryptPrimitives.dll
0x00007ffafab50000 - 0x00007ffafab7e000 	C:\WINDOWS\System32\IMM32.DLL
0x0000000000bd0000 - 0x0000000000be1000 	C:\WINDOWS\System32\umppc8603.dll
0x0000000056100000 - 0x00000000561d2000 	C:\Program Files\Java\jdk1.8.0_191\jre\bin\msvcr100.dll
0x0000000055850000 - 0x00000000560f4000 	C:\Program Files\Java\jdk1.8.0_191\jre\bin\server\jvm.dll
0x00007ffaf99d0000 - 0x00007ffaf99d8000 	C:\WINDOWS\System32\PSAPI.DLL
0x00007ffaf6380000 - 0x00007ffaf6389000 	C:\WINDOWS\SYSTEM32\WSOCK32.dll
0x00007ffafa640000 - 0x00007ffafa6aa000 	C:\WINDOWS\System32\WS2_32.dll
0x00007ffaf4950000 - 0x00007ffaf4973000 	C:\WINDOWS\SYSTEM32\WINMM.dll
0x00007ffaed6a0000 - 0x00007ffaed6aa000 	C:\WINDOWS\SYSTEM32\VERSION.dll
0x00007ffaf48a0000 - 0x00007ffaf48cb000 	C:\WINDOWS\SYSTEM32\WINMMBASE.dll
0x00007ffaf80a0000 - 0x00007ffaf80e2000 	C:\WINDOWS\System32\cfgmgr32.dll
0x00000000563d0000 - 0x00000000563df000 	C:\Program Files\Java\jdk1.8.0_191\jre\bin\verify.dll
0x00000000563a0000 - 0x00000000563c9000 	C:\Program Files\Java\jdk1.8.0_191\jre\bin\java.dll
0x0000000056360000 - 0x0000000056395000 	C:\Program Files\Java\jdk1.8.0_191\jre\bin\jdwp.dll
0x0000000056330000 - 0x0000000056338000 	C:\Program Files\Java\jdk1.8.0_191\jre\bin\npt.dll
0x0000000056300000 - 0x0000000056323000 	C:\Program Files\Java\jdk1.8.0_191\jre\bin\instrument.dll
0x00000000562e0000 - 0x00000000562f6000 	C:\Program Files\Java\jdk1.8.0_191\jre\bin\zip.dll
0x00007ffaf8220000 - 0x00007ffaf9725000 	C:\WINDOWS\System32\SHELL32.dll
0x00007ffaf78a0000 - 0x00007ffaf7f79000 	C:\WINDOWS\System32\windows.storage.dll
0x00007ffaf6ff0000 - 0x00007ffaf703c000 	C:\WINDOWS\System32\powrprof.dll
0x00007ffafa540000 - 0x00007ffafa592000 	C:\WINDOWS\System32\shlwapi.dll
0x00007ffaf7040000 - 0x00007ffaf704f000 	C:\WINDOWS\System32\kernel.appcore.dll
0x00007ffaf7f80000 - 0x00007ffaf8029000 	C:\WINDOWS\System32\shcore.dll
0x00007ffaf6fc0000 - 0x00007ffaf6fd4000 	C:\WINDOWS\System32\profapi.dll
0x00000000562d0000 - 0x00000000562d9000 	C:\Program Files\Java\jdk1.8.0_191\jre\bin\dt_socket.dll
0x00007ffae7100000 - 0x00007ffae7116000 	C:\WINDOWS\system32\napinsp.dll
0x00007ffae70e0000 - 0x00007ffae70fa000 	C:\WINDOWS\system32\pnrpnsp.dll
0x00007ffaf3870000 - 0x00007ffaf3888000 	C:\WINDOWS\system32\NLAapi.dll
0x00007ffaf6890000 - 0x00007ffaf68ec000 	C:\WINDOWS\System32\mswsock.dll
0x00007ffaf6650000 - 0x00007ffaf66f1000 	C:\WINDOWS\SYSTEM32\DNSAPI.dll
0x00007ffaf9fe0000 - 0x00007ffaf9fe8000 	C:\WINDOWS\System32\NSI.dll
0x00007ffaf6610000 - 0x00007ffaf6648000 	C:\WINDOWS\SYSTEM32\IPHLPAPI.DLL
0x00007ffae7d80000 - 0x00007ffae7d8e000 	C:\WINDOWS\System32\winrnr.dll
0x00007ffaf4690000 - 0x00007ffaf46fa000 	C:\WINDOWS\System32\fwpuclnt.dll
0x00007ffaf6f00000 - 0x00007ffaf6f2b000 	C:\WINDOWS\SYSTEM32\bcrypt.dll
0x00007ffaf0f50000 - 0x00007ffaf0f5a000 	C:\Windows\System32\rasadhlp.dll
0x00007ffaf6a30000 - 0x00007ffaf6a47000 	C:\WINDOWS\SYSTEM32\CRYPTSP.dll
0x00007ffaf64a0000 - 0x00007ffaf64d3000 	C:\WINDOWS\system32\rsaenh.dll
0x00007ffaf6710000 - 0x00007ffaf672f000 	C:\WINDOWS\SYSTEM32\USERENV.dll
0x00007ffaf6a50000 - 0x00007ffaf6a5b000 	C:\WINDOWS\SYSTEM32\CRYPTBASE.dll
0x00000000562b0000 - 0x00000000562ca000 	C:\Program Files\Java\jdk1.8.0_191\jre\bin\net.dll
0x00007ffaf43e0000 - 0x00007ffaf43f6000 	C:\WINDOWS\SYSTEM32\dhcpcsvc6.DLL
0x00007ffaf43c0000 - 0x00007ffaf43da000 	C:\WINDOWS\SYSTEM32\dhcpcsvc.DLL
0x0000000055830000 - 0x0000000055841000 	C:\Program Files\Java\jdk1.8.0_191\jre\bin\nio.dll

VM Arguments:
jvm_args: -agentlib:jdwp=transport=dt_socket,suspend=y,address=localhost:51041 -javaagent:D:\uday\StreamLine\Softwares\Eclipse_2018-19-09\eclipse\configuration\org.eclipse.osgi\608\0\.cp\lib\javaagent-shaded.jar -Dfile.encoding=Cp1252 
java_command: com.java.file.excel.ReadExcelFile
java_class_path (initial): D:\workspace\learn-git\javaproject_v1\target\classes;D:\workspace\learn-git\javaproject_v1\lib\spring-core-4.2.4.RELEASE.jar;D:\workspace\learn-git\javaproject_v1\lib\lombok-slf4j\log4j-1.2.17.jar;D:\workspace\learn-git\javaproject_v1\lib\lombok-slf4j\lombok-1.16.6.jar;D:\workspace\learn-git\javaproject_v1\lib\lombok-slf4j\slf4j-api-1.7.13.jar;D:\workspace\learn-git\javaproject_v1\lib\lombok-slf4j\slf4j-log4j12-1.7.12.jar;D:\workspace\learn-git\javaproject_v1\lib\commons-io-1.3.2.jar;D:\workspace\learn-git\javaproject_v1\lib\json-20180813.jar;D:\workspace\learn-git\javaproject_v1\lib\jackson-json\jackson-annotations-2.9.8.jar;D:\workspace\learn-git\javaproject_v1\lib\jackson-json\jackson-core-2.9.8.jar;D:\workspace\learn-git\javaproject_v1\lib\jackson-json\jackson-databind-2.9.8.jar;D:\workspace\learn-git\javaproject_v1\lib\upload\xlsx-streamer-2.1.0.jar;D:\workspace\learn-git\javaproject_v1\lib\upload\apche\poi-4.1.0.jar;D:\workspace\learn-git\javaproject_v1\lib\upload\apche\poi-ooxml-4.1.0.jar;D:\workspace\learn-git\javaproject_v1\lib\upload\apche\commons-compress-1.18.jar;D:\workspace\learn-git\javaproject_v1\lib\upload\apche\xmlbeans-3.1.0.jar;D:\workspace\learn-git\javaproject_v1\lib\upload\apche\ooxml-schemas-1.4.jar;D:\uday\StreamLine\Softwares\Eclipse_2018-19-09\eclipse\configuration\org.eclipse.osgi\608\0\.cp\lib\javaagent-shaded.jar
Launcher Type: SUN_STANDARD

Environment Variables:
JAVA_HOME=C:\Program Files\Java\jdk1.8.0_60
PATH=C:\Program Files\Java\jdk1.8.0_191\jre\bin;C:\Program Files (x86)\Common Files\Oracle\Java\javapath;C:\Program Files\Java\jdk1.8.0_60\bin;D:\app\Administrator\product\11.2.0\client_1;C:\Program Files\Common Files\Microsoft Shared\Windows Live;C:\Program Files (x86)\Common Files\Microsoft Shared\Windows Live;C:\WINDOWS\system32;C:\WINDOWS;C:\WINDOWS\System32\Wbem;C:\WINDOWS\System32\WindowsPowerShell\v1.0\;C:\Program Files (x86)\NTRU Cryptosystems\NTRU TCG Software Stack\bin\;C:\Program Files\NTRU Cryptosystems\NTRU TCG Software Stack\bin\;C:\Program Files (x86)\Intel\Services\IPT\;C:\Program Files\Dell\Dell Data Protection\Access\Advanced\Wave\Gemalto\Access Client\v5\;C:\Program Files (x86)\Windows Live\Shared;D:\apache-maven-3.3.9\bin;D:\Program Files\nodejs\;C:\Users\Administrator\AppData\Roaming\npm;D:\Program Files\Git\cmd;C:\WINDOWS\System32\WindowsPowerShell\v1.0\;C:\Users\venkataudaykiranp\AppData\Local\Programs\Python\Python36-32;C:\Program Files (x86)\Box\Box Edit\;C:\Users\venkataudaykiranp\AppData\Roaming\npm;C:\Users\venkataudaykiranp\AppData\Local\Microsoft\WindowsApps;
USERNAME=venkataudaykiranp
OS=Windows_NT
PROCESSOR_IDENTIFIER=Intel64 Family 6 Model 42 Stepping 7, GenuineIntel



---------------  S Y S T E M  ---------------

OS: Windows 10.0 , 64 bit Build 14393 (10.0.14393.2848)

CPU:total 4 (initial active 4) (4 cores per cpu, 1 threads per core) family 6 model 42 stepping 7, cmov, cx8, fxsr, mmx, sse, sse2, sse3, ssse3, sse4.1, sse4.2, popcnt, avx, aes, clmul, tsc, tscinvbit

Memory: 4k page, physical 16655372k(4535756k free), swap 19145740k(3872800k free)

vm_info: Java HotSpot(TM) 64-Bit Server VM (25.191-b12) for windows-amd64 JRE (1.8.0_191-b12), built on Oct  6 2018 09:29:03 by "java_re" with MS VC++ 10.0 (VS2010)

time: Thu Jul 11 18:22:16 2019
elapsed time: 302 seconds (0d 0h 5m 2s)

